<?xml version="1.0" encoding="UTF-8"?>
<!-- Generated by org.testng.reporters.JUnitXMLReporter -->
<testsuite hostname="VirusFound-PB06" name="Test" tests="6" failures="0" timestamp="28 Jun 2020 06:13:28 GMT" time="7.376" errors="0">
  <testcase name="CreateTweets" time="4.451" classname="UserAccount.TwitterUser"/>
  <testcase name="getTweet" time="0.763" classname="UserAccount.TwitterUser"/>
  <testcase name="ShowStatusTweets" time="0.58" classname="UserAccount.TwitterUser"/>
  <testcase name="ValidatewithExistingTweet" time="0.52" classname="UserAccount.TwitterUser"/>
  <testcase name="DeleteTweet" time="0.55" classname="UserAccount.TwitterUser"/>
  <testcase name="CheckTweet" time="0.48" classname="UserAccount.TwitterUser"/>
</testsuite> <!-- Test -->
