<?xml version="1.0" encoding="UTF-8"?>
<!-- Generated by org.testng.reporters.JUnitXMLReporter -->
<testsuite hostname="VirusFound-PB06" name="Regression" tests="6" failures="0" timestamp="28 Jun 2020 06:50:26 GMT" time="9.759" errors="0">
  <testcase name="CreateTweets" time="5.226" classname="UserAccount.TwitterUser"/>
  <testcase name="getTweet" time="2.489" classname="UserAccount.TwitterUser"/>
  <testcase name="ShowStatusTweets" time="0.489" classname="UserAccount.TwitterUser"/>
  <testcase name="ValidatewithExistingTweet" time="0.462" classname="UserAccount.TwitterUser"/>
  <testcase name="DeleteTweet" time="0.599" classname="UserAccount.TwitterUser"/>
  <testcase name="CheckTweet" time="0.458" classname="UserAccount.TwitterUser"/>
</testsuite> <!-- Regression -->
