<?xml version="1.0" encoding="UTF-8"?>
<!-- Generated by org.testng.reporters.JUnitXMLReporter -->
<testsuite hostname="VirusFound-PB06" name="Default test" tests="6" failures="0" timestamp="28 Jun 2020 05:43:56 GMT" time="7.215" errors="0">
  <testcase name="CreateTweets" time="4.37" classname="UserAccount.TwitterUser"/>
  <testcase name="getTweet" time="0.836" classname="UserAccount.TwitterUser"/>
  <testcase name="ShowStatusTweets" time="0.488" classname="UserAccount.TwitterUser"/>
  <testcase name="ValidatewithExistingTweet" time="0.519" classname="UserAccount.TwitterUser"/>
  <testcase name="DeleteTweet" time="0.512" classname="UserAccount.TwitterUser"/>
  <testcase name="CheckTweet" time="0.448" classname="UserAccount.TwitterUser"/>
</testsuite> <!-- Default test -->
